<?xml version="1.0" encoding="UTF-8"?>
<!-- Generated by org.testng.reporters.JUnitReportReporter -->
<testsuite hostname="HariDarshana" failures="0" tests="1" name="RequestPojoTest.pojoRequest_Test" time="22.847" errors="0" timestamp="2024-02-27T19:51:05 CST" skipped="0">
  <testcase classname="RequestPojoTest.pojoRequest_Test" name="testCreateUserWithPOJO" time="22.847"/>
</testsuite> <!-- RequestPojoTest.pojoRequest_Test -->
