<?xml version="1.0" encoding="UTF-8"?>
<!-- Generated by org.testng.reporters.JUnitReportReporter -->
<testsuite hostname="HariDarshana" failures="0" tests="1" name="RequestPojoTest.NormalRequestTest" time="7.571" errors="0" timestamp="2024-02-28T11:42:14 CST" skipped="0">
  <testcase classname="RequestPojoTest.NormalRequestTest" name="testPostMethod" time="7.571"/>
</testsuite> <!-- RequestPojoTest.NormalRequestTest -->
